0 info it worked if it ends with ok
1 verbose cli [ '/usr/local/Cellar/node/6.3.0/bin/node',
1 verbose cli   '/usr/local/bin/npm',
1 verbose cli   'publish' ]
2 info using npm@3.10.5
3 info using node@v6.3.0
4 verbose publish [ '.' ]
5 silly cache add args [ '.', null ]
6 verbose cache add spec .
7 silly cache add parsed spec Result {
7 silly cache add   raw: '.',
7 silly cache add   scope: null,
7 silly cache add   escapedName: null,
7 silly cache add   name: null,
7 silly cache add   rawSpec: '.',
7 silly cache add   spec: '/Users/koen/BTSync/Projects/MoonbaseEngine',
7 silly cache add   type: 'directory' }
8 verbose addLocalDirectory /Users/koen/.npm/moonbase/1.5.9/package.tgz not in flight; packing
9 verbose correctMkdir /Users/koen/.npm correctMkdir not in flight; initializing
10 info lifecycle moonbase@1.5.9~prepublish: moonbase@1.5.9
11 verbose lifecycle moonbase@1.5.9~prepublish: unsafe-perm in lifecycle true
12 verbose lifecycle moonbase@1.5.9~prepublish: PATH: /usr/local/lib/node_modules/npm/bin/node-gyp-bin:/Users/koen/BTSync/Projects/MoonbaseEngine/node_modules/.bin:/usr/local/Cellar/node/6.3.0/bin:/usr/local/bin:/usr/bin:/bin:/usr/sbin:/sbin
13 verbose lifecycle moonbase@1.5.9~prepublish: CWD: /Users/koen/BTSync/Projects/MoonbaseEngine
14 silly lifecycle moonbase@1.5.9~prepublish: Args: [ '-c', 'make js' ]
15 silly lifecycle moonbase@1.5.9~prepublish: Returned: code: 0  signal: null
16 verbose tar pack [ '/Users/koen/.npm/moonbase/1.5.9/package.tgz',
16 verbose tar pack   '/Users/koen/BTSync/Projects/MoonbaseEngine' ]
17 verbose tarball /Users/koen/.npm/moonbase/1.5.9/package.tgz
18 verbose folder /Users/koen/BTSync/Projects/MoonbaseEngine
19 verbose addLocalTarball adding from inside cache /Users/koen/.npm/moonbase/1.5.9/package.tgz
20 verbose correctMkdir /Users/koen/.npm correctMkdir not in flight; initializing
21 silly cache afterAdd moonbase@1.5.9
22 verbose afterAdd /Users/koen/.npm/moonbase/1.5.9/package/package.json not in flight; writing
23 verbose correctMkdir /Users/koen/.npm correctMkdir not in flight; initializing
24 verbose afterAdd /Users/koen/.npm/moonbase/1.5.9/package/package.json written
25 silly publish { name: 'moonbase',
25 silly publish   version: '1.5.9',
25 silly publish   description: 'Cactus through Gulp',
25 silly publish   main: 'moonbase.coffee',
25 silly publish   directories: { doc: 'docs' },
25 silly publish   dependencies:
25 silly publish    { 'coffee-loader': '^0.7.2',
25 silly publish      colors: '^1.1.2',
25 silly publish      commander: '^2.8.1',
25 silly publish      'connect-livereload': '^0.5.3',
25 silly publish      del: '^2.0.2',
25 silly publish      express: '^4.13.3',
25 silly publish      'fs-extra': '^0.28.0',
25 silly publish      gulp: '^3.9.0',
25 silly publish      'gulp-changed': '^1.3.0',
25 silly publish      'gulp-data': '^1.2.0',
25 silly publish      'gulp-empty': '^0.1.1',
25 silly publish      'gulp-if': '^2.0.0',
25 silly publish      'gulp-livereload': '^3.8.0',
25 silly publish      'gulp-md5-assets': '^0.1.9',
25 silly publish      'gulp-minify-css': '^1.2.1',
25 silly publish      'gulp-nunjucks-html': '^2.0.0',
25 silly publish      'gulp-plumber': '^1.0.1',
25 silly publish      'gulp-sass': '^2.0.4',
25 silly publish      'gulp-sourcemaps': '^1.6.0',
25 silly publish      'gulp-util': '^3.0.6',
25 silly publish      'gulp-watch': '^4.3.5',
25 silly publish      'gulp.spritesmith': '^6.2.1',
25 silly publish      highlights: '^1.3.0',
25 silly publish      'imagemin-pngquant': '^4.2.2',
25 silly publish      lodash: '^4.11.1',
25 silly publish      marked: '^0.3.5',
25 silly publish      memoizee: '^0.3.9',
25 silly publish      'merge-stream': '^1.0.0',
25 silly publish      'nunjucks-date': '^1.2.0',
25 silly publish      'nunjucks-markdown': '^2.0.0',
25 silly publish      portfinder: '^1.0.3',
25 silly publish      'pretty-hrtime': '^1.0.0',
25 silly publish      st: '^1.1.0',
25 silly publish      through2: '^2.0.0',
25 silly publish      'vinyl-named': '^1.1.0',
25 silly publish      'webpack-stream': '^3.2.0',
25 silly publish      'coffee-script': '^1.10.0' },
25 silly publish   scripts:
25 silly publish    { test: 'echo "Error: no test specified" && exit 1',
25 silly publish      prepublish: 'make js',
25 silly publish      postpublish: 'git push' },
25 silly publish   bin: { moonbase: 'run.js' },
25 silly publish   repository:
25 silly publish    { type: 'git',
25 silly publish      url: 'git+https://github.com/motif/moonbase.git' },
25 silly publish   author: { name: 'Koen Bok' },
25 silly publish   license: 'MIT',
25 silly publish   readme: '### Moonbase Engine\n\nThis is the code that powers [Moonbase](http://github.com/motif/Moonbase). You better go there instead.\n',
25 silly publish   readmeFilename: 'readme.md',
25 silly publish   gitHead: '161509b45278402fd890afe17ee684ac663e2ead',
25 silly publish   bugs: { url: 'https://github.com/motif/moonbase/issues' },
25 silly publish   homepage: 'https://github.com/motif/moonbase#readme',
25 silly publish   _id: 'moonbase@1.5.9',
25 silly publish   _shasum: 'f9d3643f00aa0293220500c15d2a876dd6171654',
25 silly publish   _from: '.' }
26 verbose getPublishConfig undefined
27 silly mapToRegistry name moonbase
28 silly mapToRegistry using default registry
29 silly mapToRegistry registry https://registry.npmjs.org/
30 silly mapToRegistry data Result {
30 silly mapToRegistry   raw: 'moonbase',
30 silly mapToRegistry   scope: null,
30 silly mapToRegistry   escapedName: 'moonbase',
30 silly mapToRegistry   name: 'moonbase',
30 silly mapToRegistry   rawSpec: '',
30 silly mapToRegistry   spec: 'latest',
30 silly mapToRegistry   type: 'tag' }
31 silly mapToRegistry uri https://registry.npmjs.org/moonbase
32 verbose publish registryBase https://registry.npmjs.org/
33 silly publish uploading /Users/koen/.npm/moonbase/1.5.9/package.tgz
34 verbose request uri https://registry.npmjs.org/moonbase
35 verbose request sending authorization for write operation
36 info attempt registry request try #1 at 2:10:25 PM
37 verbose request using bearer token for auth
38 verbose request id abf131efe54677ad
39 http request PUT https://registry.npmjs.org/moonbase
40 http 403 https://registry.npmjs.org/moonbase
41 verbose headers { 'content-type': 'application/json',
41 verbose headers   'cache-control': 'max-age=300',
41 verbose headers   'content-length': '95',
41 verbose headers   'accept-ranges': 'bytes',
41 verbose headers   date: 'Tue, 19 Jul 2016 12:10:25 GMT',
41 verbose headers   via: '1.1 varnish',
41 verbose headers   connection: 'keep-alive',
41 verbose headers   'x-served-by': 'cache-ams4123-AMS',
41 verbose headers   'x-cache': 'MISS',
41 verbose headers   'x-cache-hits': '0',
41 verbose headers   'x-timer': 'S1468930224.485858,VS0,VE1187',
41 verbose headers   vary: 'Accept-Encoding' }
42 verbose request invalidating /Users/koen/.npm/registry.npmjs.org/moonbase on PUT
43 error publish Failed PUT 403
44 verbose stack Error: "You cannot publish over the previously published version 1.5.9." : moonbase
44 verbose stack     at makeError (/usr/local/lib/node_modules/npm/node_modules/npm-registry-client/lib/request.js:264:12)
44 verbose stack     at CachingRegistryClient.<anonymous> (/usr/local/lib/node_modules/npm/node_modules/npm-registry-client/lib/request.js:252:14)
44 verbose stack     at Request._callback (/usr/local/lib/node_modules/npm/node_modules/npm-registry-client/lib/request.js:172:14)
44 verbose stack     at Request.self.callback (/usr/local/lib/node_modules/npm/node_modules/request/request.js:200:22)
44 verbose stack     at emitTwo (events.js:106:13)
44 verbose stack     at Request.emit (events.js:191:7)
44 verbose stack     at Request.<anonymous> (/usr/local/lib/node_modules/npm/node_modules/request/request.js:1067:10)
44 verbose stack     at emitOne (events.js:101:20)
44 verbose stack     at Request.emit (events.js:188:7)
44 verbose stack     at IncomingMessage.<anonymous> (/usr/local/lib/node_modules/npm/node_modules/request/request.js:988:12)
45 verbose statusCode 403
46 verbose pkgid moonbase
47 verbose cwd /Users/koen/BTSync/Projects/MoonbaseEngine
48 error Darwin 15.5.0
49 error argv "/usr/local/Cellar/node/6.3.0/bin/node" "/usr/local/bin/npm" "publish"
50 error node v6.3.0
51 error npm  v3.10.5
52 error code E403
53 error "You cannot publish over the previously published version 1.5.9." : moonbase
54 error If you need help, you may report this error at:
54 error     <https://github.com/npm/npm/issues>
55 verbose exit [ 1, true ]
